<?xml version="1.0" encoding="UTF-8"?>
<testng-results ignored="0" total="1" passed="1" failed="0" skipped="0">
  <reporter-output>
  </reporter-output>
  <suite started-at="2025-10-21T15:31:13 ICT" name="Default suite" finished-at="2025-10-21T15:32:14 ICT" duration-ms="60906">
    <groups>
    </groups>
    <test started-at="2025-10-21T15:31:13 ICT" name="Default test" finished-at="2025-10-21T15:32:14 ICT" duration-ms="60906">
      <class name="myproject.Test_PageLogin">
        <test-method is-config="true" signature="setup()[pri:0, instance:myproject.Test_PageLogin@3754a4bf]" started-at="2025-10-21T15:31:13 ICT" name="setup" finished-at="2025-10-21T15:31:50 ICT" duration-ms="37370" status="PASS">
          <reporter-output>
          </reporter-output>
        </test-method> <!-- setup -->
        <test-method signature="Test1()[pri:0, instance:myproject.Test_PageLogin@3754a4bf]" started-at="2025-10-21T15:31:50 ICT" name="Test1" finished-at="2025-10-21T15:32:13 ICT" duration-ms="23234" status="PASS">
          <reporter-output>
          </reporter-output>
        </test-method> <!-- Test1 -->
        <test-method is-config="true" signature="close()[pri:0, instance:myproject.Test_PageLogin@3754a4bf]" started-at="2025-10-21T15:32:13 ICT" name="close" finished-at="2025-10-21T15:32:14 ICT" duration-ms="198" status="PASS">
          <reporter-output>
          </reporter-output>
        </test-method> <!-- close -->
      </class> <!-- myproject.Test_PageLogin -->
    </test> <!-- Default test -->
  </suite> <!-- Default suite -->
</testng-results>
