<?xml version="1.0" encoding="UTF-8"?>
<!-- Generated by org.testng.reporters.JUnitXMLReporter -->
<testsuite ignored="0" hostname="macs-MacBook-Air.local" failures="4" tests="5" name="Parallel Tests" time="33.565" errors="0" timestamp="2025-10-27T14:12:03 ICT">
  <testcase classname="myproject.Test_AddNewTankMonitor" name="Test1" time="0.078">
    <failure type="java.lang.NullPointerException" message="Cannot invoke &amp;quot;myproject.PageAddNewTankMonitor.NavigateTankMonitor()&amp;quot; because &amp;quot;this.addTankMonitor&amp;quot; is null">
      <![CDATA[java.lang.NullPointerException: Cannot invoke "myproject.PageAddNewTankMonitor.NavigateTankMonitor()" because "this.addTankMonitor" is null
at myproject.Test_AddNewTankMonitor.Test1(Test_AddNewTankMonitor.java:15)
at java.base/java.util.concurrent.Executors$RunnableAdapter.call(Executors.java:572)
at java.base/java.util.concurrent.FutureTask.run(FutureTask.java:317)
at java.base/java.util.concurrent.ThreadPoolExecutor.runWorker(ThreadPoolExecutor.java:1144)
at java.base/java.util.concurrent.ThreadPoolExecutor$Worker.run(ThreadPoolExecutor.java:642)
at java.base/java.lang.Thread.run(Thread.java:1583)
... Removed 11 stack frames]]>
    </failure>
  </testcase> <!-- Test1 -->
  <testcase classname="myproject.Test_AddNewTankMonitor" name="Test2" time="0.005">
    <failure type="java.lang.NullPointerException" message="Cannot invoke &amp;quot;myproject.PageAddNewTankMonitor.FindManufacturerIndex()&amp;quot; because &amp;quot;this.addTankMonitor&amp;quot; is null">
      <![CDATA[java.lang.NullPointerException: Cannot invoke "myproject.PageAddNewTankMonitor.FindManufacturerIndex()" because "this.addTankMonitor" is null
at myproject.Test_AddNewTankMonitor.Test2(Test_AddNewTankMonitor.java:20)
at java.base/java.util.concurrent.Executors$RunnableAdapter.call(Executors.java:572)
at java.base/java.util.concurrent.FutureTask.run(FutureTask.java:317)
at java.base/java.util.concurrent.ThreadPoolExecutor.runWorker(ThreadPoolExecutor.java:1144)
at java.base/java.util.concurrent.ThreadPoolExecutor$Worker.run(ThreadPoolExecutor.java:642)
at java.base/java.lang.Thread.run(Thread.java:1583)
... Removed 11 stack frames]]>
    </failure>
  </testcase> <!-- Test2 -->
  <testcase classname="myproject.Test_AddNewTankMonitor" name="Test3" time="0.007">
    <failure type="java.lang.NullPointerException" message="Cannot invoke &amp;quot;myproject.PageAddNewTankMonitor.CountXtellio()&amp;quot; because &amp;quot;this.addTankMonitor&amp;quot; is null">
      <![CDATA[java.lang.NullPointerException: Cannot invoke "myproject.PageAddNewTankMonitor.CountXtellio()" because "this.addTankMonitor" is null
at myproject.Test_AddNewTankMonitor.Test3(Test_AddNewTankMonitor.java:25)
at java.base/java.util.concurrent.Executors$RunnableAdapter.call(Executors.java:572)
at java.base/java.util.concurrent.FutureTask.run(FutureTask.java:317)
at java.base/java.util.concurrent.ThreadPoolExecutor.runWorker(ThreadPoolExecutor.java:1144)
at java.base/java.util.concurrent.ThreadPoolExecutor$Worker.run(ThreadPoolExecutor.java:642)
at java.base/java.lang.Thread.run(Thread.java:1583)
... Removed 11 stack frames]]>
    </failure>
  </testcase> <!-- Test3 -->
  <testcase classname="myproject.Test_AddNewTankMonitor" name="Test4" time="0.002">
    <failure type="java.lang.NullPointerException" message="Cannot invoke &amp;quot;myproject.PageAddNewTankMonitor.CreateNewXtellio(String, String, String, int)&amp;quot; because &amp;quot;this.addTankMonitor&amp;quot; is null">
      <![CDATA[java.lang.NullPointerException: Cannot invoke "myproject.PageAddNewTankMonitor.CreateNewXtellio(String, String, String, int)" because "this.addTankMonitor" is null
at myproject.Test_AddNewTankMonitor.Test4(Test_AddNewTankMonitor.java:30)
at java.base/java.util.concurrent.Executors$RunnableAdapter.call(Executors.java:572)
at java.base/java.util.concurrent.FutureTask.run(FutureTask.java:317)
at java.base/java.util.concurrent.ThreadPoolExecutor.runWorker(ThreadPoolExecutor.java:1144)
at java.base/java.util.concurrent.ThreadPoolExecutor$Worker.run(ThreadPoolExecutor.java:642)
at java.base/java.lang.Thread.run(Thread.java:1583)
... Removed 11 stack frames]]>
    </failure>
  </testcase> <!-- Test4 -->
  <testcase classname="myproject.Test_Login_v1" name="Test1" time="11.05"/>
</testsuite> <!-- Parallel Tests -->
